<?xml version="1.0" encoding="UTF-8"?>
<!-- Generated by org.testng.reporters.JUnitReportReporter -->
<testsuite hostname="DESKTOP-M7VCU90" name="selenium.SimpleExample" tests="4" failures="0" timestamp="19 Feb 2017 09:04:14 GMT" time="67.689" errors="0">
  <testcase name="searchTestNGInGoogle" time="7.937" classname="selenium.SimpleExample"/>
  <testcase name="searchTestNGInGoogle" time="29.243" classname="selenium.SimpleExample"/>
  <testcase name="searchTestNGInGoogle" time="4.897" classname="selenium.SimpleExample"/>
  <testcase name="searchTestNGInGoogle" time="25.612" classname="selenium.SimpleExample"/>
</testsuite> <!-- selenium.SimpleExample -->
